Information: Propagating switching activity (low effort zero delay simulation). (PWR-6)
Warning: Design has unannotated primary inputs. (PWR-414)
Warning: Design has unannotated sequential cell outputs. (PWR-415)
 
****************************************
Report : power
        -hier
        -analysis_effort low
Design : top_pipe
Version: R-2020.09-SP5
Date   : Tue Jan 18 02:47:04 2022
****************************************


Library(s) Used:

    saed32hvt_ss0p95v125c (File: /usr/cadtool/SAED32_EDK/lib/stdcell_hvt/db_nldm/saed32hvt_ss0p95v125c.db)


Operating Conditions: ss0p95v125c   Library: saed32hvt_ss0p95v125c
Wire Load Model Mode: enclosed

Design        Wire Load Model            Library
------------------------------------------------
top_pipe               70000             saed32hvt_ss0p95v125c
add_v2_mydesign_2      8000              saed32hvt_ss0p95v125c
comp_mydesign_2        8000              saed32hvt_ss0p95v125c
add_v2_mydesign_1      8000              saed32hvt_ss0p95v125c
comp_mydesign_1        8000              saed32hvt_ss0p95v125c
add_v2_mydesign_0      8000              saed32hvt_ss0p95v125c
comp_mydesign_0        8000              saed32hvt_ss0p95v125c
cordic                 16000             saed32hvt_ss0p95v125c
value_correct          8000              saed32hvt_ss0p95v125c
div                    8000              saed32hvt_ss0p95v125c
mul                    8000              saed32hvt_ss0p95v125c
SNPS_CLOCK_GATE_HIGH_add_v2_mydesign_0_mydesign_29
                       ForQA             saed32hvt_ss0p95v125c
SNPS_CLOCK_GATE_HIGH_add_v2_mydesign_0_mydesign_28
                       ForQA             saed32hvt_ss0p95v125c
SNPS_CLOCK_GATE_HIGH_comp_mydesign_0_mydesign_38
                       ForQA             saed32hvt_ss0p95v125c
SNPS_CLOCK_GATE_HIGH_comp_mydesign_0_mydesign_37
                       ForQA             saed32hvt_ss0p95v125c
SNPS_CLOCK_GATE_HIGH_cordic_mydesign_0
                       ForQA             saed32hvt_ss0p95v125c
SNPS_CLOCK_GATE_HIGH_cordic_mydesign_59
                       ForQA             saed32hvt_ss0p95v125c
SNPS_CLOCK_GATE_HIGH_value_correct_mydesign_2
                       ForQA             saed32hvt_ss0p95v125c
div_mantissa_DATAWIDTH57
                       8000              saed32hvt_ss0p95v125c
mul_mantissa           8000              saed32hvt_ss0p95v125c
SNPS_CLOCK_GATE_HIGH_div_mantissa_DATAWIDTH57_mydesign_0
                       ForQA             saed32hvt_ss0p95v125c
SNPS_CLOCK_GATE_HIGH_div_mantissa_DATAWIDTH57_mydesign_35
                       ForQA             saed32hvt_ss0p95v125c
SNPS_CLOCK_GATE_HIGH_mul_mantissa_mydesign_0
                       ForQA             saed32hvt_ss0p95v125c
SNPS_CLOCK_GATE_HIGH_mul_mantissa_mydesign_12
                       ForQA             saed32hvt_ss0p95v125c
SNPS_CLOCK_GATE_HIGH_mul_mantissa_mydesign_1
                       ForQA             saed32hvt_ss0p95v125c
SNPS_CLOCK_GATE_HIGH_mul_mantissa_mydesign_2
                       ForQA             saed32hvt_ss0p95v125c
SNPS_CLOCK_GATE_HIGH_mul_mantissa_mydesign_3
                       ForQA             saed32hvt_ss0p95v125c
SNPS_CLOCK_GATE_HIGH_mul_mantissa_mydesign_4
                       ForQA             saed32hvt_ss0p95v125c
SNPS_CLOCK_GATE_HIGH_mul_mantissa_mydesign_5
                       ForQA             saed32hvt_ss0p95v125c
SNPS_CLOCK_GATE_HIGH_mul_mantissa_mydesign_6
                       ForQA             saed32hvt_ss0p95v125c
SNPS_CLOCK_GATE_HIGH_mul_mantissa_mydesign_7
                       ForQA             saed32hvt_ss0p95v125c
SNPS_CLOCK_GATE_HIGH_mul_mantissa_mydesign_8
                       ForQA             saed32hvt_ss0p95v125c
SNPS_CLOCK_GATE_HIGH_mul_mantissa_mydesign_9
                       ForQA             saed32hvt_ss0p95v125c
SNPS_CLOCK_GATE_HIGH_mul_mantissa_mydesign_10
                       ForQA             saed32hvt_ss0p95v125c
SNPS_CLOCK_GATE_HIGH_mul_mantissa_mydesign_11
                       ForQA             saed32hvt_ss0p95v125c
SNPS_CLOCK_GATE_HIGH_div_mantissa_DATAWIDTH57_mydesign_1
                       ForQA             saed32hvt_ss0p95v125c
SNPS_CLOCK_GATE_HIGH_div_mantissa_DATAWIDTH57_mydesign_2
                       ForQA             saed32hvt_ss0p95v125c
SNPS_CLOCK_GATE_HIGH_div_mantissa_DATAWIDTH57_mydesign_3
                       ForQA             saed32hvt_ss0p95v125c
SNPS_CLOCK_GATE_HIGH_div_mantissa_DATAWIDTH57_mydesign_4
                       ForQA             saed32hvt_ss0p95v125c
SNPS_CLOCK_GATE_HIGH_div_mantissa_DATAWIDTH57_mydesign_5
                       ForQA             saed32hvt_ss0p95v125c
SNPS_CLOCK_GATE_HIGH_div_mantissa_DATAWIDTH57_mydesign_6
                       ForQA             saed32hvt_ss0p95v125c
SNPS_CLOCK_GATE_HIGH_div_mantissa_DATAWIDTH57_mydesign_7
                       ForQA             saed32hvt_ss0p95v125c
SNPS_CLOCK_GATE_HIGH_div_mantissa_DATAWIDTH57_mydesign_8
                       ForQA             saed32hvt_ss0p95v125c
SNPS_CLOCK_GATE_HIGH_div_mantissa_DATAWIDTH57_mydesign_9
                       ForQA             saed32hvt_ss0p95v125c
SNPS_CLOCK_GATE_HIGH_div_mantissa_DATAWIDTH57_mydesign_10
                       ForQA             saed32hvt_ss0p95v125c
SNPS_CLOCK_GATE_HIGH_div_mantissa_DATAWIDTH57_mydesign_11
                       ForQA             saed32hvt_ss0p95v125c
SNPS_CLOCK_GATE_HIGH_div_mantissa_DATAWIDTH57_mydesign_12
                       ForQA             saed32hvt_ss0p95v125c
SNPS_CLOCK_GATE_HIGH_div_mantissa_DATAWIDTH57_mydesign_13
                       ForQA             saed32hvt_ss0p95v125c
SNPS_CLOCK_GATE_HIGH_div_mantissa_DATAWIDTH57_mydesign_14
                       ForQA             saed32hvt_ss0p95v125c
SNPS_CLOCK_GATE_HIGH_div_mantissa_DATAWIDTH57_mydesign_15
                       ForQA             saed32hvt_ss0p95v125c
SNPS_CLOCK_GATE_HIGH_div_mantissa_DATAWIDTH57_mydesign_16
                       ForQA             saed32hvt_ss0p95v125c
SNPS_CLOCK_GATE_HIGH_div_mantissa_DATAWIDTH57_mydesign_17
                       ForQA             saed32hvt_ss0p95v125c
SNPS_CLOCK_GATE_HIGH_div_mantissa_DATAWIDTH57_mydesign_18
                       ForQA             saed32hvt_ss0p95v125c
SNPS_CLOCK_GATE_HIGH_div_mantissa_DATAWIDTH57_mydesign_25
                       ForQA             saed32hvt_ss0p95v125c
SNPS_CLOCK_GATE_HIGH_div_mantissa_DATAWIDTH57_mydesign_26
                       ForQA             saed32hvt_ss0p95v125c
SNPS_CLOCK_GATE_HIGH_div_mantissa_DATAWIDTH57_mydesign_27
                       ForQA             saed32hvt_ss0p95v125c
SNPS_CLOCK_GATE_HIGH_div_mantissa_DATAWIDTH57_mydesign_28
                       ForQA             saed32hvt_ss0p95v125c
SNPS_CLOCK_GATE_HIGH_div_mantissa_DATAWIDTH57_mydesign_29
                       ForQA             saed32hvt_ss0p95v125c
SNPS_CLOCK_GATE_HIGH_div_mantissa_DATAWIDTH57_mydesign_30
                       ForQA             saed32hvt_ss0p95v125c
SNPS_CLOCK_GATE_HIGH_div_mantissa_DATAWIDTH57_mydesign_31
                       ForQA             saed32hvt_ss0p95v125c
SNPS_CLOCK_GATE_HIGH_div_mantissa_DATAWIDTH57_mydesign_32
                       ForQA             saed32hvt_ss0p95v125c
SNPS_CLOCK_GATE_HIGH_div_mantissa_DATAWIDTH57_mydesign_33
                       ForQA             saed32hvt_ss0p95v125c
SNPS_CLOCK_GATE_HIGH_div_mantissa_DATAWIDTH57_mydesign_34
                       ForQA             saed32hvt_ss0p95v125c
SNPS_CLOCK_GATE_HIGH_value_correct_mydesign_1
                       ForQA             saed32hvt_ss0p95v125c
SNPS_CLOCK_GATE_HIGH_cordic_mydesign_1
                       ForQA             saed32hvt_ss0p95v125c
SNPS_CLOCK_GATE_HIGH_cordic_mydesign_2
                       ForQA             saed32hvt_ss0p95v125c
SNPS_CLOCK_GATE_HIGH_cordic_mydesign_3
                       ForQA             saed32hvt_ss0p95v125c
SNPS_CLOCK_GATE_HIGH_cordic_mydesign_4
                       ForQA             saed32hvt_ss0p95v125c
SNPS_CLOCK_GATE_HIGH_cordic_mydesign_5
                       ForQA             saed32hvt_ss0p95v125c
SNPS_CLOCK_GATE_HIGH_cordic_mydesign_6
                       ForQA             saed32hvt_ss0p95v125c
SNPS_CLOCK_GATE_HIGH_cordic_mydesign_7
                       ForQA             saed32hvt_ss0p95v125c
SNPS_CLOCK_GATE_HIGH_cordic_mydesign_8
                       ForQA             saed32hvt_ss0p95v125c
SNPS_CLOCK_GATE_HIGH_cordic_mydesign_9
                       ForQA             saed32hvt_ss0p95v125c
SNPS_CLOCK_GATE_HIGH_cordic_mydesign_10
                       ForQA             saed32hvt_ss0p95v125c
SNPS_CLOCK_GATE_HIGH_cordic_mydesign_11
                       ForQA             saed32hvt_ss0p95v125c
SNPS_CLOCK_GATE_HIGH_cordic_mydesign_12
                       ForQA             saed32hvt_ss0p95v125c
SNPS_CLOCK_GATE_HIGH_cordic_mydesign_13
                       ForQA             saed32hvt_ss0p95v125c
SNPS_CLOCK_GATE_HIGH_cordic_mydesign_14
                       ForQA             saed32hvt_ss0p95v125c
SNPS_CLOCK_GATE_HIGH_cordic_mydesign_15
                       ForQA             saed32hvt_ss0p95v125c
SNPS_CLOCK_GATE_HIGH_cordic_mydesign_16
                       ForQA             saed32hvt_ss0p95v125c
SNPS_CLOCK_GATE_HIGH_cordic_mydesign_17
                       ForQA             saed32hvt_ss0p95v125c
SNPS_CLOCK_GATE_HIGH_cordic_mydesign_18
                       ForQA             saed32hvt_ss0p95v125c
SNPS_CLOCK_GATE_HIGH_cordic_mydesign_19
                       ForQA             saed32hvt_ss0p95v125c
SNPS_CLOCK_GATE_HIGH_cordic_mydesign_20
                       ForQA             saed32hvt_ss0p95v125c
SNPS_CLOCK_GATE_HIGH_cordic_mydesign_21
                       ForQA             saed32hvt_ss0p95v125c
SNPS_CLOCK_GATE_HIGH_cordic_mydesign_22
                       ForQA             saed32hvt_ss0p95v125c
SNPS_CLOCK_GATE_HIGH_cordic_mydesign_23
                       ForQA             saed32hvt_ss0p95v125c
SNPS_CLOCK_GATE_HIGH_cordic_mydesign_24
                       ForQA             saed32hvt_ss0p95v125c
SNPS_CLOCK_GATE_HIGH_cordic_mydesign_25
                       ForQA             saed32hvt_ss0p95v125c
SNPS_CLOCK_GATE_HIGH_cordic_mydesign_26
                       ForQA             saed32hvt_ss0p95v125c
SNPS_CLOCK_GATE_HIGH_cordic_mydesign_27
                       ForQA             saed32hvt_ss0p95v125c
SNPS_CLOCK_GATE_HIGH_cordic_mydesign_28
                       ForQA             saed32hvt_ss0p95v125c
SNPS_CLOCK_GATE_HIGH_cordic_mydesign_29
                       ForQA             saed32hvt_ss0p95v125c
SNPS_CLOCK_GATE_HIGH_cordic_mydesign_30
                       ForQA             saed32hvt_ss0p95v125c
SNPS_CLOCK_GATE_HIGH_cordic_mydesign_31
                       ForQA             saed32hvt_ss0p95v125c
SNPS_CLOCK_GATE_HIGH_cordic_mydesign_32
                       ForQA             saed32hvt_ss0p95v125c
SNPS_CLOCK_GATE_HIGH_cordic_mydesign_33
                       ForQA             saed32hvt_ss0p95v125c
SNPS_CLOCK_GATE_HIGH_cordic_mydesign_34
                       ForQA             saed32hvt_ss0p95v125c
SNPS_CLOCK_GATE_HIGH_cordic_mydesign_35
                       ForQA             saed32hvt_ss0p95v125c
SNPS_CLOCK_GATE_HIGH_cordic_mydesign_36
                       ForQA             saed32hvt_ss0p95v125c
SNPS_CLOCK_GATE_HIGH_cordic_mydesign_37
                       ForQA             saed32hvt_ss0p95v125c
SNPS_CLOCK_GATE_HIGH_cordic_mydesign_38
                       ForQA             saed32hvt_ss0p95v125c
SNPS_CLOCK_GATE_HIGH_cordic_mydesign_39
                       ForQA             saed32hvt_ss0p95v125c
SNPS_CLOCK_GATE_HIGH_cordic_mydesign_40
                       ForQA             saed32hvt_ss0p95v125c
SNPS_CLOCK_GATE_HIGH_cordic_mydesign_41
                       ForQA             saed32hvt_ss0p95v125c
SNPS_CLOCK_GATE_HIGH_cordic_mydesign_42
                       ForQA             saed32hvt_ss0p95v125c
SNPS_CLOCK_GATE_HIGH_cordic_mydesign_43
                       ForQA             saed32hvt_ss0p95v125c
SNPS_CLOCK_GATE_HIGH_cordic_mydesign_44
                       ForQA             saed32hvt_ss0p95v125c
SNPS_CLOCK_GATE_HIGH_cordic_mydesign_45
                       ForQA             saed32hvt_ss0p95v125c
SNPS_CLOCK_GATE_HIGH_cordic_mydesign_46
                       ForQA             saed32hvt_ss0p95v125c
SNPS_CLOCK_GATE_HIGH_cordic_mydesign_47
                       ForQA             saed32hvt_ss0p95v125c
SNPS_CLOCK_GATE_HIGH_cordic_mydesign_48
                       ForQA             saed32hvt_ss0p95v125c
SNPS_CLOCK_GATE_HIGH_cordic_mydesign_49
                       ForQA             saed32hvt_ss0p95v125c
SNPS_CLOCK_GATE_HIGH_cordic_mydesign_50
                       ForQA             saed32hvt_ss0p95v125c
SNPS_CLOCK_GATE_HIGH_cordic_mydesign_51
                       ForQA             saed32hvt_ss0p95v125c
SNPS_CLOCK_GATE_HIGH_cordic_mydesign_52
                       ForQA             saed32hvt_ss0p95v125c
SNPS_CLOCK_GATE_HIGH_cordic_mydesign_53
                       ForQA             saed32hvt_ss0p95v125c
SNPS_CLOCK_GATE_HIGH_cordic_mydesign_54
                       ForQA             saed32hvt_ss0p95v125c
SNPS_CLOCK_GATE_HIGH_cordic_mydesign_55
                       ForQA             saed32hvt_ss0p95v125c
SNPS_CLOCK_GATE_HIGH_cordic_mydesign_56
                       ForQA             saed32hvt_ss0p95v125c
SNPS_CLOCK_GATE_HIGH_cordic_mydesign_57
                       ForQA             saed32hvt_ss0p95v125c
SNPS_CLOCK_GATE_HIGH_cordic_mydesign_58
                       ForQA             saed32hvt_ss0p95v125c
SNPS_CLOCK_GATE_HIGH_comp_mydesign_0_mydesign_1
                       ForQA             saed32hvt_ss0p95v125c
SNPS_CLOCK_GATE_HIGH_comp_mydesign_0_mydesign_2
                       ForQA             saed32hvt_ss0p95v125c
SNPS_CLOCK_GATE_HIGH_comp_mydesign_0_mydesign_3
                       ForQA             saed32hvt_ss0p95v125c
SNPS_CLOCK_GATE_HIGH_comp_mydesign_0_mydesign_4
                       ForQA             saed32hvt_ss0p95v125c
SNPS_CLOCK_GATE_HIGH_comp_mydesign_0_mydesign_5
                       ForQA             saed32hvt_ss0p95v125c
SNPS_CLOCK_GATE_HIGH_comp_mydesign_0_mydesign_6
                       ForQA             saed32hvt_ss0p95v125c
SNPS_CLOCK_GATE_HIGH_comp_mydesign_0_mydesign_7
                       ForQA             saed32hvt_ss0p95v125c
SNPS_CLOCK_GATE_HIGH_comp_mydesign_0_mydesign_8
                       ForQA             saed32hvt_ss0p95v125c
SNPS_CLOCK_GATE_HIGH_comp_mydesign_0_mydesign_9
                       ForQA             saed32hvt_ss0p95v125c
SNPS_CLOCK_GATE_HIGH_comp_mydesign_0_mydesign_10
                       ForQA             saed32hvt_ss0p95v125c
SNPS_CLOCK_GATE_HIGH_comp_mydesign_0_mydesign_11
                       ForQA             saed32hvt_ss0p95v125c
SNPS_CLOCK_GATE_HIGH_comp_mydesign_0_mydesign_12
                       ForQA             saed32hvt_ss0p95v125c
SNPS_CLOCK_GATE_HIGH_comp_mydesign_0_mydesign_0
                       ForQA             saed32hvt_ss0p95v125c
SNPS_CLOCK_GATE_HIGH_comp_mydesign_0_mydesign_13
                       ForQA             saed32hvt_ss0p95v125c
SNPS_CLOCK_GATE_HIGH_comp_mydesign_0_mydesign_14
                       ForQA             saed32hvt_ss0p95v125c
SNPS_CLOCK_GATE_HIGH_comp_mydesign_0_mydesign_15
                       ForQA             saed32hvt_ss0p95v125c
SNPS_CLOCK_GATE_HIGH_comp_mydesign_0_mydesign_16
                       ForQA             saed32hvt_ss0p95v125c
SNPS_CLOCK_GATE_HIGH_comp_mydesign_0_mydesign_17
                       ForQA             saed32hvt_ss0p95v125c
SNPS_CLOCK_GATE_HIGH_comp_mydesign_0_mydesign_18
                       ForQA             saed32hvt_ss0p95v125c
SNPS_CLOCK_GATE_HIGH_comp_mydesign_0_mydesign_19
                       ForQA             saed32hvt_ss0p95v125c
SNPS_CLOCK_GATE_HIGH_comp_mydesign_0_mydesign_20
                       ForQA             saed32hvt_ss0p95v125c
SNPS_CLOCK_GATE_HIGH_comp_mydesign_0_mydesign_21
                       ForQA             saed32hvt_ss0p95v125c
SNPS_CLOCK_GATE_HIGH_comp_mydesign_0_mydesign_22
                       ForQA             saed32hvt_ss0p95v125c
SNPS_CLOCK_GATE_HIGH_comp_mydesign_0_mydesign_23
                       ForQA             saed32hvt_ss0p95v125c
SNPS_CLOCK_GATE_HIGH_comp_mydesign_0_mydesign_24
                       ForQA             saed32hvt_ss0p95v125c
SNPS_CLOCK_GATE_HIGH_comp_mydesign_0_mydesign_25
                       ForQA             saed32hvt_ss0p95v125c
SNPS_CLOCK_GATE_HIGH_comp_mydesign_0_mydesign_26
                       ForQA             saed32hvt_ss0p95v125c
SNPS_CLOCK_GATE_HIGH_comp_mydesign_0_mydesign_27
                       ForQA             saed32hvt_ss0p95v125c
SNPS_CLOCK_GATE_HIGH_comp_mydesign_0_mydesign_28
                       ForQA             saed32hvt_ss0p95v125c
SNPS_CLOCK_GATE_HIGH_comp_mydesign_0_mydesign_29
                       ForQA             saed32hvt_ss0p95v125c
SNPS_CLOCK_GATE_HIGH_comp_mydesign_0_mydesign_30
                       ForQA             saed32hvt_ss0p95v125c
SNPS_CLOCK_GATE_HIGH_comp_mydesign_0_mydesign_31
                       ForQA             saed32hvt_ss0p95v125c
SNPS_CLOCK_GATE_HIGH_comp_mydesign_0_mydesign_32
                       ForQA             saed32hvt_ss0p95v125c
SNPS_CLOCK_GATE_HIGH_comp_mydesign_0_mydesign_33
                       ForQA             saed32hvt_ss0p95v125c
SNPS_CLOCK_GATE_HIGH_comp_mydesign_0_mydesign_34
                       ForQA             saed32hvt_ss0p95v125c
SNPS_CLOCK_GATE_HIGH_comp_mydesign_0_mydesign_35
                       ForQA             saed32hvt_ss0p95v125c
SNPS_CLOCK_GATE_HIGH_comp_mydesign_0_mydesign_36
                       ForQA             saed32hvt_ss0p95v125c
SNPS_CLOCK_GATE_HIGH_add_v2_mydesign_0_mydesign_1
                       ForQA             saed32hvt_ss0p95v125c
SNPS_CLOCK_GATE_HIGH_add_v2_mydesign_0_mydesign_2
                       ForQA             saed32hvt_ss0p95v125c
SNPS_CLOCK_GATE_HIGH_add_v2_mydesign_0_mydesign_3
                       ForQA             saed32hvt_ss0p95v125c
SNPS_CLOCK_GATE_HIGH_add_v2_mydesign_0_mydesign_4
                       ForQA             saed32hvt_ss0p95v125c
SNPS_CLOCK_GATE_HIGH_add_v2_mydesign_0_mydesign_5
                       ForQA             saed32hvt_ss0p95v125c
SNPS_CLOCK_GATE_HIGH_add_v2_mydesign_0_mydesign_6
                       ForQA             saed32hvt_ss0p95v125c
SNPS_CLOCK_GATE_HIGH_add_v2_mydesign_0_mydesign_7
                       ForQA             saed32hvt_ss0p95v125c
SNPS_CLOCK_GATE_HIGH_add_v2_mydesign_0_mydesign_8
                       ForQA             saed32hvt_ss0p95v125c
SNPS_CLOCK_GATE_HIGH_add_v2_mydesign_0_mydesign_9
                       ForQA             saed32hvt_ss0p95v125c
SNPS_CLOCK_GATE_HIGH_add_v2_mydesign_0_mydesign_0
                       ForQA             saed32hvt_ss0p95v125c
SNPS_CLOCK_GATE_HIGH_add_v2_mydesign_0_mydesign_10
                       ForQA             saed32hvt_ss0p95v125c
SNPS_CLOCK_GATE_HIGH_add_v2_mydesign_0_mydesign_11
                       ForQA             saed32hvt_ss0p95v125c
SNPS_CLOCK_GATE_HIGH_add_v2_mydesign_0_mydesign_12
                       ForQA             saed32hvt_ss0p95v125c
SNPS_CLOCK_GATE_HIGH_add_v2_mydesign_0_mydesign_13
                       ForQA             saed32hvt_ss0p95v125c
SNPS_CLOCK_GATE_HIGH_add_v2_mydesign_0_mydesign_14
                       ForQA             saed32hvt_ss0p95v125c
SNPS_CLOCK_GATE_HIGH_add_v2_mydesign_0_mydesign_15
                       ForQA             saed32hvt_ss0p95v125c
SNPS_CLOCK_GATE_HIGH_add_v2_mydesign_0_mydesign_16
                       ForQA             saed32hvt_ss0p95v125c
SNPS_CLOCK_GATE_HIGH_add_v2_mydesign_0_mydesign_17
                       ForQA             saed32hvt_ss0p95v125c
SNPS_CLOCK_GATE_HIGH_add_v2_mydesign_0_mydesign_18
                       ForQA             saed32hvt_ss0p95v125c
SNPS_CLOCK_GATE_HIGH_add_v2_mydesign_0_mydesign_19
                       ForQA             saed32hvt_ss0p95v125c
SNPS_CLOCK_GATE_HIGH_add_v2_mydesign_0_mydesign_20
                       ForQA             saed32hvt_ss0p95v125c
SNPS_CLOCK_GATE_HIGH_add_v2_mydesign_0_mydesign_21
                       ForQA             saed32hvt_ss0p95v125c
SNPS_CLOCK_GATE_HIGH_add_v2_mydesign_0_mydesign_22
                       ForQA             saed32hvt_ss0p95v125c
SNPS_CLOCK_GATE_HIGH_add_v2_mydesign_0_mydesign_23
                       ForQA             saed32hvt_ss0p95v125c
SNPS_CLOCK_GATE_HIGH_add_v2_mydesign_0_mydesign_24
                       ForQA             saed32hvt_ss0p95v125c
SNPS_CLOCK_GATE_HIGH_add_v2_mydesign_0_mydesign_25
                       ForQA             saed32hvt_ss0p95v125c
SNPS_CLOCK_GATE_HIGH_add_v2_mydesign_0_mydesign_26
                       ForQA             saed32hvt_ss0p95v125c
SNPS_CLOCK_GATE_HIGH_add_v2_mydesign_0_mydesign_27
                       ForQA             saed32hvt_ss0p95v125c


Global Operating Voltage = 0.95 
Power-specific unit information :
    Voltage Units = 1V
    Capacitance Units = 1.000000ff
    Time Units = 1ns
    Dynamic Power Units = 1uW    (derived from V,C,T units)
    Leakage Power Units = 1pW


--------------------------------------------------------------------------------
                                       Switch   Int      Leak     Total
Hierarchy                              Power    Power    Power    Power    %
--------------------------------------------------------------------------------
top_pipe                                148.945  899.109 7.35e+08 1.78e+03 100.0
  U4 (mul)                               13.865  145.510 7.28e+07  232.166  13.0
    U0 (mul_mantissa)                    12.111  141.070 5.69e+07  210.107  11.8
  U3 (div)                               25.771  172.384 1.01e+08  299.261  16.8
    U0 (div_mantissa_DATAWIDTH57)        24.788  170.177 8.79e+07  282.855  15.9
  U22 (value_correct)                     1.038   45.673 1.64e+07   63.143   3.5
  U2 (cordic)                            27.312  219.592 1.45e+08  391.598  22.0
  U14 (comp_mydesign_0)                   8.875   55.522 8.61e+07  150.521   8.4
  U12 (add_v2_mydesign_0)                 5.186   30.075 3.33e+07   68.545   3.8
  U13 (comp_mydesign_1)                  10.039   57.546 8.64e+07  153.967   8.6
  U11 (add_v2_mydesign_1)                 5.804   31.084 3.33e+07   70.197   3.9
  U1 (comp_mydesign_2)                   33.974   97.375 9.78e+07  229.130  12.8
  U0 (add_v2_mydesign_2)                  7.081   33.446 3.36e+07   74.156   4.2
1
